17:21:08.952 [main] INFO  com.intuit.karate.Runner - using system property 'karate.options': --tags @TEST-ID
17:21:09.170 [main] DEBUG com.intuit.karate.Suite - [config] classpath:karate-config.js
17:21:10.283 [main] INFO  com.intuit.karate - karate.env system property was: null 
17:21:10.365 [main] INFO  c.intuit.karate.core.FeatureRuntime - classpath:examples/users/users.feature - call by tag at line 9: crearMascota
17:21:10.684 [main] DEBUG com.intuit.karate - request:
1 > POST https://petstore.swagger.io/v2/pet
1 > Content-Type: application/json; charset=UTF-8
1 > Content-Length: 135
1 > Host: petstore.swagger.io
1 > Connection: Keep-Alive
1 > User-Agent: Apache-HttpClient/4.5.14 (Java/17.0.18)
1 > Accept-Encoding: gzip,deflate
{"id":1,"category":{"id":1,"name":"string"},"name":"Alu","photoUrls":["string"],"tags":[{"id":1,"name":"string"}],"status":"available"}

17:21:11.264 [main] DEBUG com.intuit.karate - response time in milliseconds: 576
1 < 200
1 < Date: Sat, 21 Feb 2026 22:21:11 GMT
1 < Content-Type: application/json
1 < Transfer-Encoding: chunked
1 < Connection: keep-alive
1 < Access-Control-Allow-Origin: *
1 < Access-Control-Allow-Methods: GET, POST, DELETE, PUT
1 < Access-Control-Allow-Headers: Content-Type, api_key, Authorization
1 < Server: Jetty(9.2.9.v20150224)
{"id":1,"category":{"id":1,"name":"string"},"name":"Alu","photoUrls":["string"],"tags":[{"id":1,"name":"string"}],"status":"available"}

17:21:11.280 [main] INFO  com.intuit.karate - [print] 1 
17:21:11.293 [main] DEBUG com.intuit.karate - request:
1 > GET https://petstore.swagger.io/v2/pet/1
1 > Host: petstore.swagger.io
1 > Connection: Keep-Alive
1 > User-Agent: Apache-HttpClient/4.5.14 (Java/17.0.18)
1 > Accept-Encoding: gzip,deflate


17:21:11.598 [main] DEBUG com.intuit.karate - response time in milliseconds: 304
1 < 200
1 < Date: Sat, 21 Feb 2026 22:21:11 GMT
1 < Content-Type: application/json
1 < Transfer-Encoding: chunked
1 < Connection: keep-alive
1 < Access-Control-Allow-Origin: *
1 < Access-Control-Allow-Methods: GET, POST, DELETE, PUT
1 < Access-Control-Allow-Headers: Content-Type, api_key, Authorization
1 < Server: Jetty(9.2.9.v20150224)
{"id":1,"category":{"id":1,"name":"string"},"name":"Alu","photoUrls":["string"],"tags":[{"id":1,"name":"string"}],"status":"available"}

17:21:11.601 [main] INFO  com.intuit.karate - [print] {
  "id": 1,
  "category": {
    "id": 1,
    "name": "string"
  },
  "name": "Alu",
  "photoUrls": [
    "string"
  ],
  "tags": [
    {
      "id": 1,
      "name": "string"
    }
  ],
  "status": "available"
}
 
